# JRE version: Java(TM) SE Runtime Environment 18.9 (11.0.12+8) (build 11.0.12+8-LTS-237)
# Java VM: Java HotSpot(TM) 64-Bit Server VM 18.9 (11.0.12+8-LTS-237, mixed mode, tiered, compressed oops, g1 gc, windows-amd64)
Heap:
 garbage-first heap   total 534528K, used 268585K [0x00000000a0000000, 0x0000000100000000)
  region size 1024K, 114 young (116736K), 14 survivors (14336K)
 Metaspace       used 106974K, capacity 109865K, committed 110208K, reserved 1144832K
  class space    used 13501K, capacity 14613K, committed 14720K, reserved 1048576K
GC Heap History (10 events):
Event: 22.673 GC heap before
{Heap before GC invocations=64 (full 0):
 garbage-first heap   total 282624K, used 207531K [0x00000000a0000000, 0x0000000100000000)
  region size 1024K, 76 young (77824K), 11 survivors (11264K)
 Metaspace       used 103602K, capacity 106478K, committed 106624K, reserved 1140736K
  class space    used 13258K, capacity 14381K, committed 14464K, reserved 1048576K
}
Event: 22.692 GC heap after
{Heap after GC invocations=65 (full 0):
 garbage-first heap   total 282624K, used 151885K [0x00000000a0000000, 0x0000000100000000)
  region size 1024K, 9 young (9216K), 9 survivors (9216K)
 Metaspace       used 103602K, capacity 106478K, committed 106624K, reserved 1140736K
  class space    used 13258K, capacity 14381K, committed 14464K, reserved 1048576K
}
Event: 23.412 GC heap before
{Heap before GC invocations=65 (full 0):
 garbage-first heap   total 282624K, used 219469K [0x00000000a0000000, 0x0000000100000000)
  region size 1024K, 71 young (72704K), 9 survivors (9216K)
 Metaspace       used 103869K, capacity 106751K, committed 106880K, reserved 1142784K
  class space    used 13262K, capacity 14386K, committed 14464K, reserved 1048576K
}
Event: 23.438 GC heap after
{Heap after GC invocations=66 (full 0):
 garbage-first heap   total 534528K, used 163171K [0x00000000a0000000, 0x0000000100000000)
  region size 1024K, 7 young (7168K), 7 survivors (7168K)
 Metaspace       used 103869K, capacity 106751K, committed 106880K, reserved 1142784K
  class space    used 13262K, capacity 14386K, committed 14464K, reserved 1048576K
}
Event: 26.547 GC heap before
{Heap before GC invocations=66 (full 0):
 garbage-first heap   total 534528K, used 329059K [0x00000000a0000000, 0x0000000100000000)
  region size 1024K, 163 young (166912K), 7 survivors (7168K)
 Metaspace       used 105913K, capacity 108826K, committed 109056K, reserved 1144832K
  class space    used 13422K, capacity 14544K, committed 14592K, reserved 1048576K
}
Event: 26.559 GC heap after
{Heap after GC invocations=67 (full 0):
 garbage-first heap   total 534528K, used 161859K [0x00000000a0000000, 0x0000000100000000)
  region size 1024K, 9 young (9216K), 9 survivors (9216K)
 Metaspace       used 105913K, capacity 108826K, committed 109056K, reserved 1144832K
  class space    used 13422K, capacity 14544K, committed 14592K, reserved 1048576K
}
Event: 27.262 GC heap before
{Heap before GC invocations=67 (full 0):
 garbage-first heap   total 534528K, used 370755K [0x00000000a0000000, 0x0000000100000000)
  region size 1024K, 213 young (218112K), 9 survivors (9216K)
 Metaspace       used 106623K, capacity 109498K, committed 109568K, reserved 1144832K
  class space    used 13475K, capacity 14576K, committed 14592K, reserved 1048576K
}
Event: 27.274 GC heap after
{Heap after GC invocations=68 (full 0):
 garbage-first heap   total 534528K, used 167090K [0x00000000a0000000, 0x0000000100000000)
  region size 1024K, 14 young (14336K), 14 survivors (14336K)
 Metaspace       used 106623K, capacity 109498K, committed 109568K, reserved 1144832K
  class space    used 13475K, capacity 14576K, committed 14592K, reserved 1048576K
}
Event: 27.910 GC heap before
{Heap before GC invocations=68 (full 0):
 garbage-first heap   total 534528K, used 395442K [0x00000000a0000000, 0x0000000100000000)
  region size 1024K, 237 young (242688K), 14 survivors (14336K)
 Metaspace       used 106661K, capacity 109498K, committed 109568K, reserved 1144832K
  class space    used 13475K, capacity 14576K, committed 14592K, reserved 1048576K
}
Event: 27.919 GC heap after
{Heap after GC invocations=69 (full 0):
 garbage-first heap   total 534528K, used 167209K [0x00000000a0000000, 0x0000000100000000)
  region size 1024K, 14 young (14336K), 14 survivors (14336K)
 Metaspace       used 106661K, capacity 109498K, committed 109568K, reserved 1144832K
  class space    used 13475K, capacity 14576K, committed 14592K, reserved 1048576K
}

