# JRE version: Java(TM) SE Runtime Environment (8.0_271-b09) (build 1.8.0_271-b09)
# Java VM: Java HotSpot(TM) 64-Bit Server VM (25.271-b09 mixed mode windows-amd64 compressed oops)
Heap:
 PSYoungGen      total 136192K, used 77643K [0x00000000e0000000, 0x00000000e8a00000, 0x0000000100000000)
  eden space 131072K, 59% used [0x00000000e0000000,0x00000000e4bd2ce0,0x00000000e8000000)
  from space 5120K, 0% used [0x00000000e8500000,0x00000000e8500000,0x00000000e8a00000)
  to   space 5120K, 0% used [0x00000000e8000000,0x00000000e8000000,0x00000000e8500000)
 ParOldGen       total 100864K, used 34904K [0x00000000a0000000, 0x00000000a6280000, 0x00000000e0000000)
  object space 100864K, 34% used [0x00000000a0000000,0x00000000a2216038,0x00000000a6280000)
 Metaspace       used 61556K, capacity 63958K, committed 64000K, reserved 1103872K
  class space    used 8690K, capacity 9212K, committed 9216K, reserved 1048576K
GC Heap History (10 events):
Event: 2.862 GC heap before
{Heap before GC invocations=9 (full 2):
 PSYoungGen      total 136192K, used 5104K [0x00000000e0000000, 0x00000000e8a00000, 0x0000000100000000)
  eden space 131072K, 0% used [0x00000000e0000000,0x00000000e0000000,0x00000000e8000000)
  from space 5120K, 99% used [0x00000000e8000000,0x00000000e84fc010,0x00000000e8500000)
  to   space 5120K, 0% used [0x00000000e8500000,0x00000000e8500000,0x00000000e8a00000)
 ParOldGen       total 50176K, used 18584K [0x00000000a0000000, 0x00000000a3100000, 0x00000000e0000000)
  object space 50176K, 37% used [0x00000000a0000000,0x00000000a1226198,0x00000000a3100000)
 Metaspace       used 34373K, capacity 35442K, committed 35496K, reserved 1079296K
  class space    used 4848K, capacity 5096K, committed 5120K, reserved 1048576K
Event: 2.908 GC heap after
Heap after GC invocations=9 (full 2):
 PSYoungGen      total 136192K, used 0K [0x00000000e0000000, 0x00000000e8a00000, 0x0000000100000000)
  eden space 131072K, 0% used [0x00000000e0000000,0x00000000e0000000,0x00000000e8000000)
  from space 5120K, 0% used [0x00000000e8000000,0x00000000e8000000,0x00000000e8500000)
  to   space 5120K, 0% used [0x00000000e8500000,0x00000000e8500000,0x00000000e8a00000)
 ParOldGen       total 66048K, used 14612K [0x00000000a0000000, 0x00000000a4080000, 0x00000000e0000000)
  object space 66048K, 22% used [0x00000000a0000000,0x00000000a0e45018,0x00000000a4080000)
 Metaspace       used 34373K, capacity 35442K, committed 35496K, reserved 1079296K
  class space    used 4848K, capacity 5096K, committed 5120K, reserved 1048576K
}
Event: 3.757 GC heap before
{Heap before GC invocations=10 (full 2):
 PSYoungGen      total 136192K, used 131072K [0x00000000e0000000, 0x00000000e8a00000, 0x0000000100000000)
  eden space 131072K, 100% used [0x00000000e0000000,0x00000000e8000000,0x00000000e8000000)
  from space 5120K, 0% used [0x00000000e8000000,0x00000000e8000000,0x00000000e8500000)
  to   space 5120K, 0% used [0x00000000e8500000,0x00000000e8500000,0x00000000e8a00000)
 ParOldGen       total 66048K, used 14612K [0x00000000a0000000, 0x00000000a4080000, 0x00000000e0000000)
  object space 66048K, 22% used [0x00000000a0000000,0x00000000a0e45018,0x00000000a4080000)
 Metaspace       used 40034K, capacity 41812K, committed 41984K, reserved 1085440K
  class space    used 5658K, capacity 6045K, committed 6144K, reserved 1048576K
Event: 3.763 GC heap after
Heap after GC invocations=10 (full 2):
 PSYoungGen      total 136192K, used 5088K [0x00000000e0000000, 0x00000000e8a00000, 0x0000000100000000)
  eden space 131072K, 0% used [0x00000000e0000000,0x00000000e0000000,0x00000000e8000000)
  from space 5120K, 99% used [0x00000000e8500000,0x00000000e89f8030,0x00000000e8a00000)
  to   space 5120K, 0% used [0x00000000e8000000,0x00000000e8000000,0x00000000e8500000)
 ParOldGen       total 66048K, used 19362K [0x00000000a0000000, 0x00000000a4080000, 0x00000000e0000000)
  object space 66048K, 29% used [0x00000000a0000000,0x00000000a12e8868,0x00000000a4080000)
 Metaspace       used 40034K, capacity 41812K, committed 41984K, reserved 1085440K
  class space    used 5658K, capacity 6045K, committed 6144K, reserved 1048576K
}
Event: 4.707 GC heap before
{Heap before GC invocations=11 (full 2):
 PSYoungGen      total 136192K, used 136160K [0x00000000e0000000, 0x00000000e8a00000, 0x0000000100000000)
  eden space 131072K, 100% used [0x00000000e0000000,0x00000000e8000000,0x00000000e8000000)
  from space 5120K, 99% used [0x00000000e8500000,0x00000000e89f8030,0x00000000e8a00000)
  to   space 5120K, 0% used [0x00000000e8000000,0x00000000e8000000,0x00000000e8500000)
 ParOldGen       total 66048K, used 19362K [0x00000000a0000000, 0x00000000a4080000, 0x00000000e0000000)
  object space 66048K, 29% used [0x00000000a0000000,0x00000000a12e8868,0x00000000a4080000)
 Metaspace       used 51082K, capacity 53048K, committed 53248K, reserved 1095680K
  class space    used 6996K, capacity 7407K, committed 7424K, reserved 1048576K
Event: 4.726 GC heap after
Heap after GC invocations=11 (full 2):
 PSYoungGen      total 136192K, used 5088K [0x00000000e0000000, 0x00000000e8a00000, 0x0000000100000000)
  eden space 131072K, 0% used [0x00000000e0000000,0x00000000e0000000,0x00000000e8000000)
  from space 5120K, 99% used [0x00000000e8000000,0x00000000e84f8030,0x00000000e8500000)
  to   space 5120K, 0% used [0x00000000e8500000,0x00000000e8500000,0x00000000e8a00000)
 ParOldGen       total 66048K, used 35578K [0x00000000a0000000, 0x00000000a4080000, 0x00000000e0000000)
  object space 66048K, 53% used [0x00000000a0000000,0x00000000a22be848,0x00000000a4080000)
 Metaspace       used 51082K, capacity 53048K, committed 53248K, reserved 1095680K
  class space    used 6996K, capacity 7407K, committed 7424K, reserved 1048576K
}
Event: 5.428 GC heap before
{Heap before GC invocations=12 (full 2):
 PSYoungGen      total 136192K, used 70792K [0x00000000e0000000, 0x00000000e8a00000, 0x0000000100000000)
  eden space 131072K, 50% used [0x00000000e0000000,0x00000000e402a160,0x00000000e8000000)
  from space 5120K, 99% used [0x00000000e8000000,0x00000000e84f8030,0x00000000e8500000)
  to   space 5120K, 0% used [0x00000000e8500000,0x00000000e8500000,0x00000000e8a00000)
 ParOldGen       total 66048K, used 35578K [0x00000000a0000000, 0x00000000a4080000, 0x00000000e0000000)
  object space 66048K, 53% used [0x00000000a0000000,0x00000000a22be848,0x00000000a4080000)
 Metaspace       used 56768K, capacity 59084K, committed 59136K, reserved 1099776K
  class space    used 7930K, capacity 8439K, committed 8448K, reserved 1048576K
Event: 5.443 GC heap after
Heap after GC invocations=12 (full 2):
 PSYoungGen      total 136192K, used 5120K [0x00000000e0000000, 0x00000000e8a00000, 0x0000000100000000)
  eden space 131072K, 0% used [0x00000000e0000000,0x00000000e0000000,0x00000000e8000000)
  from space 5120K, 100% used [0x00000000e8500000,0x00000000e8a00000,0x00000000e8a00000)
  to   space 5120K, 0% used [0x00000000e8000000,0x00000000e8000000,0x00000000e8500000)
 ParOldGen       total 66048K, used 43741K [0x00000000a0000000, 0x00000000a4080000, 0x00000000e0000000)
  object space 66048K, 66% used [0x00000000a0000000,0x00000000a2ab7530,0x00000000a4080000)
 Metaspace       used 56768K, capacity 59084K, committed 59136K, reserved 1099776K
  class space    used 7930K, capacity 8439K, committed 8448K, reserved 1048576K
}
Event: 5.444 GC heap before
{Heap before GC invocations=13 (full 3):
 PSYoungGen      total 136192K, used 5120K [0x00000000e0000000, 0x00000000e8a00000, 0x0000000100000000)
  eden space 131072K, 0% used [0x00000000e0000000,0x00000000e0000000,0x00000000e8000000)
  from space 5120K, 100% used [0x00000000e8500000,0x00000000e8a00000,0x00000000e8a00000)
  to   space 5120K, 0% used [0x00000000e8000000,0x00000000e8000000,0x00000000e8500000)
 ParOldGen       total 66048K, used 43741K [0x00000000a0000000, 0x00000000a4080000, 0x00000000e0000000)
  object space 66048K, 66% used [0x00000000a0000000,0x00000000a2ab7530,0x00000000a4080000)
 Metaspace       used 56768K, capacity 59084K, committed 59136K, reserved 1099776K
  class space    used 7930K, capacity 8439K, committed 8448K, reserved 1048576K
Event: 5.585 GC heap after
Heap after GC invocations=13 (full 3):
 PSYoungGen      total 136192K, used 0K [0x00000000e0000000, 0x00000000e8a00000, 0x0000000100000000)
  eden space 131072K, 0% used [0x00000000e0000000,0x00000000e0000000,0x00000000e8000000)
  from space 5120K, 0% used [0x00000000e8500000,0x00000000e8500000,0x00000000e8a00000)
  to   space 5120K, 0% used [0x00000000e8000000,0x00000000e8000000,0x00000000e8500000)
 ParOldGen       total 100864K, used 34904K [0x00000000a0000000, 0x00000000a6280000, 0x00000000e0000000)
  object space 100864K, 34% used [0x00000000a0000000,0x00000000a2216038,0x00000000a6280000)
 Metaspace       used 56718K, capacity 58916K, committed 59136K, reserved 1099776K
  class space    used 7914K, capacity 8411K, committed 8448K, reserved 1048576K
}

