# JRE version: Java(TM) SE Runtime Environment 18.9 (11.0.12+8) (build 11.0.12+8-LTS-237)
# Java VM: Java HotSpot(TM) 64-Bit Server VM 18.9 (11.0.12+8-LTS-237, mixed mode, tiered, compressed oops, g1 gc, windows-amd64)
Heap:
 garbage-first heap   total 155648K, used 100589K [0x00000000a0000000, 0x0000000100000000)
  region size 1024K, 29 young (29696K), 5 survivors (5120K)
 Metaspace       used 67355K, capacity 69182K, committed 69452K, reserved 1110016K
  class space    used 8636K, capacity 9295K, committed 9344K, reserved 1048576K
GC Heap History (10 events):
Event: 4.058 GC heap before
{Heap before GC invocations=12 (full 0):
 garbage-first heap   total 129024K, used 97753K [0x00000000a0000000, 0x0000000100000000)
  region size 1024K, 51 young (52224K), 6 survivors (6144K)
 Metaspace       used 46940K, capacity 48230K, committed 48460K, reserved 1091584K
  class space    used 6019K, capacity 6477K, committed 6528K, reserved 1048576K
}
Event: 4.065 GC heap after
{Heap after GC invocations=13 (full 0):
 garbage-first heap   total 155648K, used 54482K [0x00000000a0000000, 0x0000000100000000)
  region size 1024K, 3 young (3072K), 3 survivors (3072K)
 Metaspace       used 46940K, capacity 48230K, committed 48460K, reserved 1091584K
  class space    used 6019K, capacity 6477K, committed 6528K, reserved 1048576K
}
Event: 4.673 GC heap before
{Heap before GC invocations=13 (full 0):
 garbage-first heap   total 155648K, used 118994K [0x00000000a0000000, 0x0000000100000000)
  region size 1024K, 63 young (64512K), 3 survivors (3072K)
 Metaspace       used 50164K, capacity 51711K, committed 52044K, reserved 1093632K
  class space    used 6441K, capacity 6944K, committed 7040K, reserved 1048576K
}
Event: 4.681 GC heap after
{Heap after GC invocations=14 (full 0):
 garbage-first heap   total 155648K, used 65799K [0x00000000a0000000, 0x0000000100000000)
  region size 1024K, 8 young (8192K), 8 survivors (8192K)
 Metaspace       used 50164K, capacity 51711K, committed 52044K, reserved 1093632K
  class space    used 6441K, capacity 6944K, committed 7040K, reserved 1048576K
}
Event: 5.244 GC heap before
{Heap before GC invocations=14 (full 0):
 garbage-first heap   total 155648K, used 120071K [0x00000000a0000000, 0x0000000100000000)
  region size 1024K, 61 young (62464K), 8 survivors (8192K)
 Metaspace       used 57744K, capacity 59488K, committed 59724K, reserved 1101824K
  class space    used 7366K, capacity 7976K, committed 8064K, reserved 1048576K
}
Event: 5.253 GC heap after
{Heap after GC invocations=15 (full 0):
 garbage-first heap   total 155648K, used 68136K [0x00000000a0000000, 0x0000000100000000)
  region size 1024K, 3 young (3072K), 3 survivors (3072K)
 Metaspace       used 57744K, capacity 59488K, committed 59724K, reserved 1101824K
  class space    used 7366K, capacity 7976K, committed 8064K, reserved 1048576K
}
Event: 5.746 GC heap before
{Heap before GC invocations=15 (full 0):
 garbage-first heap   total 155648K, used 120360K [0x00000000a0000000, 0x0000000100000000)
  region size 1024K, 55 young (56320K), 3 survivors (3072K)
 Metaspace       used 63799K, capacity 65602K, committed 65868K, reserved 1105920K
  class space    used 8123K, capacity 8749K, committed 8832K, reserved 1048576K
}
Event: 5.752 GC heap after
{Heap after GC invocations=16 (full 0):
 garbage-first heap   total 155648K, used 72219K [0x00000000a0000000, 0x0000000100000000)
  region size 1024K, 7 young (7168K), 7 survivors (7168K)
 Metaspace       used 63799K, capacity 65602K, committed 65868K, reserved 1105920K
  class space    used 8123K, capacity 8749K, committed 8832K, reserved 1048576K
}
Event: 6.688 GC heap before
{Heap before GC invocations=16 (full 0):
 garbage-first heap   total 155648K, used 124443K [0x00000000a0000000, 0x0000000100000000)
  region size 1024K, 57 young (58368K), 7 survivors (7168K)
 Metaspace       used 65005K, capacity 66815K, committed 67020K, reserved 1107968K
  class space    used 8286K, capacity 8957K, committed 8960K, reserved 1048576K
}
Event: 6.697 GC heap after
{Heap after GC invocations=17 (full 0):
 garbage-first heap   total 155648K, used 77037K [0x00000000a0000000, 0x0000000100000000)
  region size 1024K, 5 young (5120K), 5 survivors (5120K)
 Metaspace       used 65005K, capacity 66815K, committed 67020K, reserved 1107968K
  class space    used 8286K, capacity 8957K, committed 8960K, reserved 1048576K
}

