# JRE version: Java(TM) SE Runtime Environment 18.9 (11.0.12+8) (build 11.0.12+8-LTS-237)
# Java VM: Java HotSpot(TM) 64-Bit Server VM 18.9 (11.0.12+8-LTS-237, mixed mode, tiered, compressed oops, g1 gc, windows-amd64)
Heap:
 garbage-first heap   total 435200K, used 330644K [0x00000000a0000000, 0x0000000100000000)
  region size 1024K, 77 young (78848K), 14 survivors (14336K)
 Metaspace       used 142936K, capacity 147551K, committed 147660K, reserved 1177600K
  class space    used 17932K, capacity 19635K, committed 19712K, reserved 1048576K
GC Heap History (10 events):
Event: 439.501 GC heap before
{Heap before GC invocations=62 (full 0):
 garbage-first heap   total 387072K, used 290816K [0x00000000a0000000, 0x0000000100000000)
  region size 1024K, 99 young (101376K), 7 survivors (7168K)
 Metaspace       used 135598K, capacity 139654K, committed 139852K, reserved 1171456K
  class space    used 16992K, capacity 18473K, committed 18560K, reserved 1048576K
}
Event: 439.511 GC heap after
{Heap after GC invocations=63 (full 0):
 garbage-first heap   total 387072K, used 199890K [0x00000000a0000000, 0x0000000100000000)
  region size 1024K, 3 young (3072K), 3 survivors (3072K)
 Metaspace       used 135598K, capacity 139654K, committed 139852K, reserved 1171456K
  class space    used 16992K, capacity 18473K, committed 18560K, reserved 1048576K
}
Event: 439.881 GC heap before
{Heap before GC invocations=63 (full 0):
 garbage-first heap   total 387072K, used 299218K [0x00000000a0000000, 0x0000000100000000)
  region size 1024K, 97 young (99328K), 3 survivors (3072K)
 Metaspace       used 138708K, capacity 143039K, committed 143308K, reserved 1173504K
  class space    used 17492K, capacity 19116K, committed 19200K, reserved 1048576K
}
Event: 439.911 GC heap after
{Heap after GC invocations=64 (full 0):
 garbage-first heap   total 387072K, used 221346K [0x00000000a0000000, 0x0000000100000000)
  region size 1024K, 13 young (13312K), 13 survivors (13312K)
 Metaspace       used 138708K, capacity 143039K, committed 143308K, reserved 1173504K
  class space    used 17492K, capacity 19116K, committed 19200K, reserved 1048576K
}
Event: 440.439 GC heap before
{Heap before GC invocations=64 (full 0):
 garbage-first heap   total 387072K, used 303266K [0x00000000a0000000, 0x0000000100000000)
  region size 1024K, 94 young (96256K), 13 survivors (13312K)
 Metaspace       used 141064K, capacity 145598K, committed 145868K, reserved 1175552K
  class space    used 17722K, capacity 19409K, committed 19456K, reserved 1048576K
}
Event: 440.457 GC heap after
{Heap after GC invocations=65 (full 0):
 garbage-first heap   total 435200K, used 224767K [0x00000000a0000000, 0x0000000100000000)
  region size 1024K, 6 young (6144K), 6 survivors (6144K)
 Metaspace       used 141064K, capacity 145598K, committed 145868K, reserved 1175552K
  class space    used 17722K, capacity 19409K, committed 19456K, reserved 1048576K
}
Event: 441.174 GC heap before
{Heap before GC invocations=65 (full 0):
 garbage-first heap   total 435200K, used 339455K [0x00000000a0000000, 0x0000000100000000)
  region size 1024K, 106 young (108544K), 6 survivors (6144K)
 Metaspace       used 141736K, capacity 146351K, committed 146508K, reserved 1175552K
  class space    used 17774K, capacity 19479K, committed 19584K, reserved 1048576K
}
Event: 441.191 GC heap after
{Heap after GC invocations=66 (full 0):
 garbage-first heap   total 435200K, used 243420K [0x00000000a0000000, 0x0000000100000000)
  region size 1024K, 14 young (14336K), 14 survivors (14336K)
 Metaspace       used 141736K, capacity 146351K, committed 146508K, reserved 1175552K
  class space    used 17774K, capacity 19479K, committed 19584K, reserved 1048576K
}
Event: 441.879 GC heap before
{Heap before GC invocations=66 (full 0):
 garbage-first heap   total 435200K, used 340700K [0x00000000a0000000, 0x0000000100000000)
  region size 1024K, 110 young (112640K), 14 survivors (14336K)
 Metaspace       used 142571K, capacity 147127K, committed 147276K, reserved 1177600K
  class space    used 17874K, capacity 19565K, committed 19584K, reserved 1048576K
}
Event: 441.927 GC heap after
{Heap after GC invocations=67 (full 0):
 garbage-first heap   total 435200K, used 263060K [0x00000000a0000000, 0x0000000100000000)
  region size 1024K, 14 young (14336K), 14 survivors (14336K)
 Metaspace       used 142571K, capacity 147127K, committed 147276K, reserved 1177600K
  class space    used 17874K, capacity 19565K, committed 19584K, reserved 1048576K
}

